ERROR - 2025-09-03 11:28:57 --> Error connecting to the database: mysqli_sql_exception: Unknown database 'ite311_db' in C:\xampp\htdocs\ITE311-ABASOLO\system\Database\MySQLi\Connection.php:201
Stack trace:
#0 C:\xampp\htdocs\ITE311-ABASOLO\system\Database\MySQLi\Connection.php(201): mysqli->real_connect('localhost', 'root', Object(SensitiveParameterValue), 'ite311_db', 3306, '', 0)
#1 C:\xampp\htdocs\ITE311-ABASOLO\system\Database\BaseConnection.php(419): CodeIgniter\Database\MySQLi\Connection->connect(false)
#2 C:\xampp\htdocs\ITE311-ABASOLO\system\Database\BaseConnection.php(614): CodeIgniter\Database\BaseConnection->initialize()
#3 C:\xampp\htdocs\ITE311-ABASOLO\system\Database\BaseConnection.php(1525): CodeIgniter\Database\BaseConnection->query('SHOW TABLES FRO...')
#4 C:\xampp\htdocs\ITE311-ABASOLO\system\Database\BaseConnection.php(1545): CodeIgniter\Database\BaseConnection->listTables()
#5 C:\xampp\htdocs\ITE311-ABASOLO\system\Database\MigrationRunner.php(768): CodeIgniter\Database\BaseConnection->tableExists('migrations')
#6 C:\xampp\htdocs\ITE311-ABASOLO\system\Database\MigrationRunner.php(162): CodeIgniter\Database\MigrationRunner->ensureTable()
#7 C:\xampp\htdocs\ITE311-ABASOLO\system\Commands\Database\Migrate.php(85): CodeIgniter\Database\MigrationRunner->latest(NULL)
#8 C:\xampp\htdocs\ITE311-ABASOLO\system\CLI\Commands.php(74): CodeIgniter\Commands\Database\Migrate->run(Array)
#9 C:\xampp\htdocs\ITE311-ABASOLO\system\CLI\Console.php(47): CodeIgniter\CLI\Commands->run('migrate', Array)
#10 C:\xampp\htdocs\ITE311-ABASOLO\system\Boot.php(388): CodeIgniter\CLI\Console->run()
#11 C:\xampp\htdocs\ITE311-ABASOLO\system\Boot.php(133): CodeIgniter\Boot::runCommand(Object(CodeIgniter\CLI\Console))
#12 C:\xampp\htdocs\ITE311-ABASOLO\spark(87): CodeIgniter\Boot::bootSpark(Object(Config\Paths))
#13 {main}

Next CodeIgniter\Database\Exceptions\DatabaseException: Unknown database 'ite311_db' in C:\xampp\htdocs\ITE311-ABASOLO\system\Database\MySQLi\Connection.php:246
Stack trace:
#0 C:\xampp\htdocs\ITE311-ABASOLO\system\Database\BaseConnection.php(419): CodeIgniter\Database\MySQLi\Connection->connect(false)
#1 C:\xampp\htdocs\ITE311-ABASOLO\system\Database\BaseConnection.php(614): CodeIgniter\Database\BaseConnection->initialize()
#2 C:\xampp\htdocs\ITE311-ABASOLO\system\Database\BaseConnection.php(1525): CodeIgniter\Database\BaseConnection->query('SHOW TABLES FRO...')
#3 C:\xampp\htdocs\ITE311-ABASOLO\system\Database\BaseConnection.php(1545): CodeIgniter\Database\BaseConnection->listTables()
#4 C:\xampp\htdocs\ITE311-ABASOLO\system\Database\MigrationRunner.php(768): CodeIgniter\Database\BaseConnection->tableExists('migrations')
#5 C:\xampp\htdocs\ITE311-ABASOLO\system\Database\MigrationRunner.php(162): CodeIgniter\Database\MigrationRunner->ensureTable()
#6 C:\xampp\htdocs\ITE311-ABASOLO\system\Commands\Database\Migrate.php(85): CodeIgniter\Database\MigrationRunner->latest(NULL)
#7 C:\xampp\htdocs\ITE311-ABASOLO\system\CLI\Commands.php(74): CodeIgniter\Commands\Database\Migrate->run(Array)
#8 C:\xampp\htdocs\ITE311-ABASOLO\system\CLI\Console.php(47): CodeIgniter\CLI\Commands->run('migrate', Array)
#9 C:\xampp\htdocs\ITE311-ABASOLO\system\Boot.php(388): CodeIgniter\CLI\Console->run()
#10 C:\xampp\htdocs\ITE311-ABASOLO\system\Boot.php(133): CodeIgniter\Boot::runCommand(Object(CodeIgniter\CLI\Console))
#11 C:\xampp\htdocs\ITE311-ABASOLO\spark(87): CodeIgniter\Boot::bootSpark(Object(Config\Paths))
#12 {main}
ERROR - 2025-09-03 11:40:44 --> mysqli_sql_exception: Cannot truncate a table referenced in a foreign key constraint (`lms_abasolo`.`courses`, CONSTRAINT `courses_instructor_id_foreign` FOREIGN KEY (`instructor_id`) REFERENCES `lms_abasolo`.`users` (`id`)) in C:\xampp\htdocs\ITE311-ABASOLO\system\Database\MySQLi\Connection.php:327
Stack trace:
#0 C:\xampp\htdocs\ITE311-ABASOLO\system\Database\MySQLi\Connection.php(327): mysqli->query('TRUNCATE `users...', 0)
#1 C:\xampp\htdocs\ITE311-ABASOLO\system\Database\BaseConnection.php(729): CodeIgniter\Database\MySQLi\Connection->execute('TRUNCATE `users...')
#2 C:\xampp\htdocs\ITE311-ABASOLO\system\Database\BaseConnection.php(646): CodeIgniter\Database\BaseConnection->simpleQuery('TRUNCATE `users...')
#3 C:\xampp\htdocs\ITE311-ABASOLO\system\Database\BaseBuilder.php(2773): CodeIgniter\Database\BaseConnection->query('TRUNCATE `users...', NULL, false)
#4 C:\xampp\htdocs\ITE311-ABASOLO\app\Database\Seeds\UserSeeder.php(55): CodeIgniter\Database\BaseBuilder->truncate()
#5 C:\xampp\htdocs\ITE311-ABASOLO\system\Database\Seeder.php(149): App\Database\Seeds\UserSeeder->run()
#6 C:\xampp\htdocs\ITE311-ABASOLO\system\Commands\Database\Seed.php(79): CodeIgniter\Database\Seeder->call('App\\Database\\Se...')
#7 C:\xampp\htdocs\ITE311-ABASOLO\system\CLI\Commands.php(74): CodeIgniter\Commands\Database\Seed->run(Array)
#8 C:\xampp\htdocs\ITE311-ABASOLO\system\CLI\Console.php(47): CodeIgniter\CLI\Commands->run('db:seed', Array)
#9 C:\xampp\htdocs\ITE311-ABASOLO\system\Boot.php(388): CodeIgniter\CLI\Console->run()
#10 C:\xampp\htdocs\ITE311-ABASOLO\system\Boot.php(133): CodeIgniter\Boot::runCommand(Object(CodeIgniter\CLI\Console))
#11 C:\xampp\htdocs\ITE311-ABASOLO\spark(87): CodeIgniter\Boot::bootSpark(Object(Config\Paths))
#12 {main}
